<?xml version="1.0" encoding="UTF-8"?>
<!-- Generated by org.testng.reporters.JUnitXMLReporter -->
<testsuite ignored="3" hostname="Devarakonda" failures="0" tests="5" name="Default test" time="0.024" errors="0" timestamp="2024-06-25T17:07:00 IST">
  <testcase classname="test.day1" name="TestMethodsMultipleTimes" time="0.004"/>
  <testcase classname="test.day1" name="TestMethodsMultipleTimes" time="0.001"/>
  <testcase classname="test.day1" name="TestMethodsMultipleTimes" time="0.001"/>
  <testcase classname="test.day1" name="TestMethodsMultipleTimes" time="0.0"/>
  <testcase classname="test.day1" name="TestMethodsMultipleTimes" time="0.0"/>
  <testcase classname="test.day1" name="afsuite" time="0.0">
    <ignored/>
  </testcase> <!-- afsuite -->
  <testcase classname="test.day1" name="SecondTest" time="0.0">
    <ignored/>
  </testcase> <!-- SecondTest -->
  <testcase classname="test.day1" name="Demo" time="0.0">
    <ignored/>
  </testcase> <!-- Demo -->
</testsuite> <!-- Default test -->
