<?xml version="1.0" encoding="UTF-8"?>
<!-- Generated by org.testng.reporters.JUnitXMLReporter -->
<testsuite ignored="2" hostname="Devarakonda" failures="0" tests="5" name="Car Loan" time="0.013" errors="0" timestamp="2024-06-25T17:11:00 IST">
  <testcase classname="test.day3" name="MobileLoginLoan" time="0.001"/>
  <testcase classname="test.day3" name="Mobilesignoutcarloan" time="0.0"/>
  <testcase classname="test.day3" name="Mobilesignoutcarloan" time="0.0"/>
  <testcase classname="test.day3" name="Mobilesignoutcarloan" time="0.0"/>
  <testcase classname="test.day3" name="Weblogincarloan" time="0.0"/>
  <testcase classname="test.day3" name="APIcarloan" time="0.0">
    <ignored/>
  </testcase> <!-- APIcarloan -->
  <testcase classname="test.day3" name="Mobilesigncarloan" time="0.0">
    <ignored/>
  </testcase> <!-- Mobilesigncarloan -->
</testsuite> <!-- Car Loan -->
