<?xml version="1.0" encoding="UTF-8"?>
<!-- Generated by org.testng.reporters.JUnitXMLReporter -->
<testsuite ignored="3" hostname="Devarakonda" failures="1" tests="5" name="personal loan" time="0.032" errors="0" timestamp="2024-06-25T17:11:00 IST">
  <testcase classname="test.day1" name="Demo" time="0.003"/>
  <testcase classname="test.day2" name="ploan" time="0.001"/>
  <testcase classname="test.day4" name="LoginAPIHomeloan" time="0.001"/>
  <testcase classname="test.day4" name="MobileLoginHomeLoan" time="0.001"/>
  <testcase classname="test.day4" name="WebLoginHomeLoan" time="0.0">
    <failure type="org.testng.TestNGException" message="
Cannot inject @Test annotated Method [WebLoginHomeLoan] with [class java.lang.String].
For more information on native dependency injection please refer to https://testng.org/doc/documentation-main.html#native-dependency-injection">
      <![CDATA[org.testng.TestNGException: 
Cannot inject @Test annotated Method [WebLoginHomeLoan] with [class java.lang.String].
For more information on native dependency injection please refer to https://testng.org/doc/documentation-main.html#native-dependency-injection
at java.base/java.util.ArrayList.forEach(ArrayList.java:1511)
... Removed 26 stack frames]]>
    </failure>
  </testcase> <!-- WebLoginHomeLoan -->
  <testcase classname="test.day1" name="TestMethodsMultipleTimes" time="0.0">
    <ignored/>
  </testcase> <!-- TestMethodsMultipleTimes -->
  <testcase classname="test.day1" name="afsuite" time="0.0">
    <ignored/>
  </testcase> <!-- afsuite -->
  <testcase classname="test.day1" name="SecondTest" time="0.0">
    <ignored/>
  </testcase> <!-- SecondTest -->
</testsuite> <!-- personal loan -->
