<?xml version="1.0" encoding="UTF-8"?>
<!-- Generated by org.testng.reporters.JUnitXMLReporter -->
<testsuite ignored="2" hostname="DESKTOP-AMSJ8TE" failures="0" tests="4" name="Car Loan" time="0.087" errors="0" timestamp="2024-03-12T09:53:47 IST">
  <testcase classname="test.day3" name="MobileLoginLoan" time="0.007"/>
  <testcase classname="test.day3" name="Mobilesignoutcarloan" time="0.004"/>
  <testcase classname="test.day3" name="Mobilesignoutcarloan" time="0.002"/>
  <testcase classname="test.day3" name="Mobilesignoutcarloan" time="0.003"/>
  <testcase classname="test.day3" name="APIcarloan" time="0.0">
    <ignored/>
  </testcase> <!-- APIcarloan -->
  <testcase classname="test.day3" name="Mobilesigncarloan" time="0.0">
    <ignored/>
  </testcase> <!-- Mobilesigncarloan -->
</testsuite> <!-- Car Loan -->
