<?xml version="1.0" encoding="UTF-8"?>
<!-- Generated by org.testng.reporters.JUnitXMLReporter -->
<testsuite ignored="2" hostname="DESKTOP-AMSJ8TE" failures="1" tests="4" name="personal loan" time="0.395" errors="0" timestamp="2024-03-12T09:53:47 IST">
  <testcase classname="test.day1" name="Demo" time="0.036">
    <failure type="java.lang.AssertionError">
      <![CDATA[java.lang.AssertionError: 
at test.day1.Demo(day1.java:23)
at java.base/java.util.ArrayList.forEach(ArrayList.java:1511)
... Removed 30 stack frames]]>
    </failure>
  </testcase> <!-- Demo -->
  <testcase classname="test.day2" name="ploan" time="0.006"/>
  <testcase classname="test.day4" name="LoginAPIHomeloan" time="0.01"/>
  <testcase classname="test.day4" name="MobileLoginHomeLoan" time="0.049"/>
  <testcase classname="test.day1" name="afsuite" time="0.0">
    <ignored/>
  </testcase> <!-- afsuite -->
  <testcase classname="test.day1" name="SecondTest" time="0.0">
    <ignored/>
  </testcase> <!-- SecondTest -->
</testsuite> <!-- personal loan -->
