<?xml version="1.0" encoding="UTF-8"?>
<testng-results ignored="5" total="15" passed="9" failed="1" skipped="0">
  <reporter-output>
  </reporter-output>
  <suite started-at="2024-06-25T17:11:00 IST" name="loan department" finished-at="2024-06-25T17:11:00 IST" duration-ms="102">
    <groups>
      <group name="smoke">
        <method signature="day2.ploan()[pri:0, instance:test.day2@f5ac9e4]" name="ploan" class="test.day2"/>
        <method signature="day4.MobileLoginHomeLoan()[pri:0, instance:test.day4@384ad17b]" name="MobileLoginHomeLoan" class="test.day4"/>
        <method signature="day3.MobileLoginLoan()[pri:0, instance:test.day3@5158b42f]" name="MobileLoginLoan" class="test.day3"/>
      </group> <!-- smoke -->
    </groups>
    <test started-at="2024-06-25T17:11:00 IST" name="Test" finished-at="2024-06-25T17:11:00 IST" duration-ms="4">
    </test> <!-- Test -->
    <test started-at="2024-06-25T17:11:00 IST" name="personal loan" finished-at="2024-06-25T17:11:00 IST" duration-ms="32">
      <class name="test.day4">
        <test-method signature="LoginAPIHomeloan()[pri:0, instance:test.day4@384ad17b]" started-at="2024-06-25T17:11:00 IST" name="LoginAPIHomeloan" finished-at="2024-06-25T17:11:00 IST" duration-ms="1" status="PASS">
          <reporter-output>
          </reporter-output>
        </test-method> <!-- LoginAPIHomeloan -->
        <test-method signature="MobileLoginHomeLoan()[pri:0, instance:test.day4@384ad17b]" started-at="2024-06-25T17:11:00 IST" name="MobileLoginHomeLoan" finished-at="2024-06-25T17:11:00 IST" duration-ms="1" status="PASS">
          <reporter-output>
          </reporter-output>
        </test-method> <!-- MobileLoginHomeLoan -->
        <test-method signature="WebLoginHomeLoan(java.lang.String)[pri:0, instance:test.day4@384ad17b]" started-at="2024-06-25T17:11:00 IST" name="WebLoginHomeLoan" finished-at="2024-06-25T17:11:00 IST" duration-ms="0" status="FAIL">
          <exception class="org.testng.TestNGException">
            <message>
              <![CDATA[
Cannot inject @Test annotated Method [WebLoginHomeLoan] with [class java.lang.String].
For more information on native dependency injection please refer to https://testng.org/doc/documentation-main.html#native-dependency-injection]]>
            </message>
            <full-stacktrace>
              <![CDATA[org.testng.TestNGException: 
Cannot inject @Test annotated Method [WebLoginHomeLoan] with [class java.lang.String].
For more information on native dependency injection please refer to https://testng.org/doc/documentation-main.html#native-dependency-injection
at org.testng.internal.Parameters.checkParameterTypes(Parameters.java:439)
at org.testng.internal.Parameters.createParametersForMethod(Parameters.java:353)
at org.testng.internal.Parameters.createParameters(Parameters.java:708)
at org.testng.internal.Parameters.handleParameters(Parameters.java:884)
at org.testng.internal.Parameters.handleParameters(Parameters.java:740)
at org.testng.internal.ParameterHandler.handleParameters(ParameterHandler.java:59)
at org.testng.internal.ParameterHandler.createParameters(ParameterHandler.java:38)
at org.testng.internal.TestInvoker$MethodInvocationAgent.invoke(TestInvoker.java:791)
at org.testng.internal.TestInvoker.invokeTestMethods(TestInvoker.java:146)
at org.testng.internal.TestMethodWorker.invokeTestMethods(TestMethodWorker.java:146)
at org.testng.internal.TestMethodWorker.run(TestMethodWorker.java:128)
at java.base/java.util.ArrayList.forEach(ArrayList.java:1511)
at org.testng.TestRunner.privateRun(TestRunner.java:794)
at org.testng.TestRunner.run(TestRunner.java:596)
at org.testng.SuiteRunner.runTest(SuiteRunner.java:377)
at org.testng.SuiteRunner.runSequentially(SuiteRunner.java:371)
at org.testng.SuiteRunner.privateRun(SuiteRunner.java:332)
at org.testng.SuiteRunner.run(SuiteRunner.java:276)
at org.testng.SuiteRunnerWorker.runSuite(SuiteRunnerWorker.java:53)
at org.testng.SuiteRunnerWorker.run(SuiteRunnerWorker.java:96)
at org.testng.TestNG.runSuitesSequentially(TestNG.java:1212)
at org.testng.TestNG.runSuitesLocally(TestNG.java:1134)
at org.testng.TestNG.runSuites(TestNG.java:1063)
at org.testng.TestNG.run(TestNG.java:1031)
at org.testng.remote.AbstractRemoteTestNG.run(AbstractRemoteTestNG.java:115)
at org.testng.remote.RemoteTestNG.initAndRun(RemoteTestNG.java:293)
at org.testng.remote.RemoteTestNG.main(RemoteTestNG.java:91)
]]>
            </full-stacktrace>
          </exception> <!-- org.testng.TestNGException -->
          <reporter-output>
          </reporter-output>
        </test-method> <!-- WebLoginHomeLoan -->
      </class> <!-- test.day4 -->
      <class name="test.day2">
        <test-method is-config="true" signature="prerequiste()[pri:0, instance:test.day2@f5ac9e4]" started-at="2024-06-25T17:11:00 IST" name="prerequiste" finished-at="2024-06-25T17:11:00 IST" duration-ms="0" status="PASS">
          <reporter-output>
          </reporter-output>
        </test-method> <!-- prerequiste -->
        <test-method signature="ploan()[pri:0, instance:test.day2@f5ac9e4]" started-at="2024-06-25T17:11:00 IST" name="ploan" finished-at="2024-06-25T17:11:00 IST" duration-ms="1" status="PASS">
          <reporter-output>
          </reporter-output>
        </test-method> <!-- ploan -->
      </class> <!-- test.day2 -->
      <class name="test.day1">
        <test-method signature="Demo()[pri:0, instance:test.day1@43195e57]" started-at="2024-06-25T17:11:00 IST" name="Demo" finished-at="2024-06-25T17:11:00 IST" duration-ms="3" status="PASS">
          <reporter-output>
          </reporter-output>
        </test-method> <!-- Demo -->
        <test-method is-config="true" signature="lastexecution()[pri:0, instance:test.day1@43195e57]" started-at="2024-06-25T17:11:00 IST" name="lastexecution" finished-at="2024-06-25T17:11:00 IST" duration-ms="0" status="PASS">
          <reporter-output>
          </reporter-output>
        </test-method> <!-- lastexecution -->
      </class> <!-- test.day1 -->
    </test> <!-- personal loan -->
    <test started-at="2024-06-25T17:11:00 IST" name="Car Loan" finished-at="2024-06-25T17:11:00 IST" duration-ms="13">
      <class name="test.day3">
        <test-method is-config="true" signature="Bfsuite()[pri:0, instance:test.day3@5158b42f]" started-at="2024-06-25T17:11:00 IST" name="Bfsuite" finished-at="2024-06-25T17:11:00 IST" duration-ms="3" status="PASS">
          <reporter-output>
          </reporter-output>
        </test-method> <!-- Bfsuite -->
        <test-method is-config="true" signature="befoclas()[pri:0, instance:test.day3@5158b42f]" started-at="2024-06-25T17:11:00 IST" name="befoclas" finished-at="2024-06-25T17:11:00 IST" duration-ms="1" status="PASS">
          <reporter-output>
          </reporter-output>
        </test-method> <!-- befoclas -->
        <test-method is-config="true" signature="beforeevery()[pri:0, instance:test.day3@5158b42f]" started-at="2024-06-25T17:11:00 IST" name="beforeevery" finished-at="2024-06-25T17:11:00 IST" duration-ms="0" status="PASS">
          <reporter-output>
          </reporter-output>
        </test-method> <!-- beforeevery -->
        <test-method signature="MobileLoginLoan()[pri:0, instance:test.day3@5158b42f]" started-at="2024-06-25T17:11:00 IST" name="MobileLoginLoan" finished-at="2024-06-25T17:11:00 IST" duration-ms="1" status="PASS">
          <reporter-output>
          </reporter-output>
        </test-method> <!-- MobileLoginLoan -->
        <test-method is-config="true" signature="afterevery()[pri:0, instance:test.day3@5158b42f]" started-at="2024-06-25T17:11:00 IST" name="afterevery" finished-at="2024-06-25T17:11:00 IST" duration-ms="0" status="PASS">
          <reporter-output>
          </reporter-output>
        </test-method> <!-- afterevery -->
        <test-method is-config="true" signature="beforeevery()[pri:0, instance:test.day3@5158b42f]" started-at="2024-06-25T17:11:00 IST" name="beforeevery" finished-at="2024-06-25T17:11:00 IST" duration-ms="0" status="PASS">
          <reporter-output>
          </reporter-output>
        </test-method> <!-- beforeevery -->
        <test-method signature="Mobilesignoutcarloan(java.lang.String,java.lang.String)[pri:0, instance:test.day3@5158b42f]" started-at="2024-06-25T17:11:00 IST" name="Mobilesignoutcarloan" data-provider="getData" finished-at="2024-06-25T17:11:00 IST" duration-ms="0" status="PASS">
          <params>
            <param index="0">
              <value>
                <![CDATA[firstsetusername]]>
              </value>
            </param>
            <param index="1">
              <value>
                <![CDATA[firstpassword]]>
              </value>
            </param>
          </params>
          <reporter-output>
          </reporter-output>
        </test-method> <!-- Mobilesignoutcarloan -->
        <test-method is-config="true" signature="afterevery()[pri:0, instance:test.day3@5158b42f]" started-at="2024-06-25T17:11:00 IST" name="afterevery" finished-at="2024-06-25T17:11:00 IST" duration-ms="1" status="PASS">
          <reporter-output>
          </reporter-output>
        </test-method> <!-- afterevery -->
        <test-method signature="Mobilesignoutcarloan(java.lang.String,java.lang.String)[pri:0, instance:test.day3@5158b42f]" started-at="2024-06-25T17:11:00 IST" name="Mobilesignoutcarloan" data-provider="getData" finished-at="2024-06-25T17:11:00 IST" duration-ms="0" status="PASS">
          <params>
            <param index="0">
              <value>
                <![CDATA[secondsetusername]]>
              </value>
            </param>
            <param index="1">
              <value>
                <![CDATA[secondpassword]]>
              </value>
            </param>
          </params>
          <reporter-output>
          </reporter-output>
        </test-method> <!-- Mobilesignoutcarloan -->
        <test-method is-config="true" signature="afterevery()[pri:0, instance:test.day3@5158b42f]" started-at="2024-06-25T17:11:00 IST" name="afterevery" finished-at="2024-06-25T17:11:00 IST" duration-ms="0" status="PASS">
          <reporter-output>
          </reporter-output>
        </test-method> <!-- afterevery -->
        <test-method is-config="true" signature="beforeevery()[pri:0, instance:test.day3@5158b42f]" started-at="2024-06-25T17:11:00 IST" name="beforeevery" finished-at="2024-06-25T17:11:00 IST" duration-ms="0" status="PASS">
          <reporter-output>
          </reporter-output>
        </test-method> <!-- beforeevery -->
        <test-method is-config="true" signature="beforeevery()[pri:0, instance:test.day3@5158b42f]" started-at="2024-06-25T17:11:00 IST" name="beforeevery" finished-at="2024-06-25T17:11:00 IST" duration-ms="0" status="PASS">
          <reporter-output>
          </reporter-output>
        </test-method> <!-- beforeevery -->
        <test-method signature="Mobilesignoutcarloan(java.lang.String,java.lang.String)[pri:0, instance:test.day3@5158b42f]" started-at="2024-06-25T17:11:00 IST" name="Mobilesignoutcarloan" data-provider="getData" finished-at="2024-06-25T17:11:00 IST" duration-ms="0" status="PASS">
          <params>
            <param index="0">
              <value>
                <![CDATA[thirdsetusername]]>
              </value>
            </param>
            <param index="1">
              <value>
                <![CDATA[thirdpassword]]>
              </value>
            </param>
          </params>
          <reporter-output>
          </reporter-output>
        </test-method> <!-- Mobilesignoutcarloan -->
        <test-method is-config="true" signature="beforeevery()[pri:0, instance:test.day3@5158b42f]" started-at="2024-06-25T17:11:00 IST" name="beforeevery" finished-at="2024-06-25T17:11:00 IST" duration-ms="1" status="PASS">
          <reporter-output>
          </reporter-output>
        </test-method> <!-- beforeevery -->
        <test-method is-config="true" signature="afterevery()[pri:0, instance:test.day3@5158b42f]" started-at="2024-06-25T17:11:00 IST" name="afterevery" finished-at="2024-06-25T17:11:00 IST" duration-ms="0" status="PASS">
          <reporter-output>
          </reporter-output>
        </test-method> <!-- afterevery -->
        <test-method is-config="true" signature="aftecls()[pri:0, instance:test.day3@5158b42f]" started-at="2024-06-25T17:11:00 IST" name="aftecls" finished-at="2024-06-25T17:11:00 IST" duration-ms="0" status="PASS">
          <reporter-output>
          </reporter-output>
        </test-method> <!-- aftecls -->
        <test-method is-config="true" signature="afterevery()[pri:0, instance:test.day3@5158b42f]" started-at="2024-06-25T17:11:00 IST" name="afterevery" finished-at="2024-06-25T17:11:00 IST" duration-ms="0" status="PASS">
          <reporter-output>
          </reporter-output>
        </test-method> <!-- afterevery -->
        <test-method signature="Weblogincarloan(java.lang.String,java.lang.String)[pri:0, instance:test.day3@5158b42f]" started-at="2024-06-25T17:11:00 IST" name="Weblogincarloan" finished-at="2024-06-25T17:11:00 IST" duration-ms="0" status="PASS">
          <params>
            <param index="0">
              <value>
                <![CDATA[carloan.com]]>
              </value>
            </param>
            <param index="1">
              <value>
                <![CDATA[123456]]>
              </value>
            </param>
          </params>
          <reporter-output>
          </reporter-output>
        </test-method> <!-- Weblogincarloan -->
      </class> <!-- test.day3 -->
    </test> <!-- Car Loan -->
  </suite> <!-- loan department -->
</testng-results>
